<?xml version="1.0" encoding="UTF-8"?>
<!-- Generated by org.testng.reporters.JUnitXMLReporter -->
<testsuite ignored="0" hostname="LAPTOP-1S9JIMTU" failures="0" tests="4" name="Test" time="0.08" errors="0" timestamp="2022-11-22T13:43:20 IST">
  <testcase classname="testScript.TestCase4" name="tc4" time="0.011"/>
  <testcase classname="testScript.TestCase3" name="tc3" time="0.001"/>
  <testcase classname="testScript.TestCase2" name="tc2" time="0.001"/>
  <testcase classname="testScript.TestCase1" name="tc1" time="0.001"/>
</testsuite> <!-- Test -->
