<?xml version="1.0" encoding="UTF-8"?>
<testng-results ignored="0" total="4" passed="4" failed="0" skipped="0">
  <reporter-output>
    <line>
      <![CDATA[Hello github]]>
    </line>
    <line>
      <![CDATA[Hello Appium]]>
    </line>
    <line>
      <![CDATA[Hello java]]>
    </line>
    <line>
      <![CDATA[helllo Selenium]]>
    </line>
  </reporter-output>
  <suite started-at="2022-11-22T13:43:19 IST" name="Suite" finished-at="2022-11-22T13:43:20 IST" duration-ms="80">
    <groups>
    </groups>
    <test started-at="2022-11-22T13:43:19 IST" name="Test" finished-at="2022-11-22T13:43:20 IST" duration-ms="80">
      <class name="testScript.TestCase1">
        <test-method signature="tc1()[pri:0, instance:testScript.TestCase1@4e91d63f]" started-at="2022-11-22T13:43:20 IST" name="tc1" finished-at="2022-11-22T13:43:20 IST" duration-ms="1" status="PASS">
          <reporter-output>
            <line>
              <![CDATA[helllo Selenium]]>
            </line>
          </reporter-output>
        </test-method> <!-- tc1 -->
      </class> <!-- testScript.TestCase1 -->
      <class name="testScript.TestCase2">
        <test-method signature="tc2()[pri:0, instance:testScript.TestCase2@1a04f701]" started-at="2022-11-22T13:43:20 IST" name="tc2" finished-at="2022-11-22T13:43:20 IST" duration-ms="1" status="PASS">
          <reporter-output>
            <line>
              <![CDATA[Hello java]]>
            </line>
          </reporter-output>
        </test-method> <!-- tc2 -->
      </class> <!-- testScript.TestCase2 -->
      <class name="testScript.TestCase3">
        <test-method signature="tc3()[pri:0, instance:testScript.TestCase3@2f112965]" started-at="2022-11-22T13:43:20 IST" name="tc3" finished-at="2022-11-22T13:43:20 IST" duration-ms="1" status="PASS">
          <reporter-output>
            <line>
              <![CDATA[Hello Appium]]>
            </line>
          </reporter-output>
        </test-method> <!-- tc3 -->
      </class> <!-- testScript.TestCase3 -->
      <class name="testScript.TestCase4">
        <test-method signature="tc4()[pri:0, instance:testScript.TestCase4@43301423]" started-at="2022-11-22T13:43:20 IST" name="tc4" finished-at="2022-11-22T13:43:20 IST" duration-ms="11" status="PASS">
          <reporter-output>
            <line>
              <![CDATA[Hello github]]>
            </line>
          </reporter-output>
        </test-method> <!-- tc4 -->
      </class> <!-- testScript.TestCase4 -->
    </test> <!-- Test -->
  </suite> <!-- Suite -->
</testng-results>
